GET BILLER ID API RESPONSE : {"STATUS":"400","MSG":"Empty Private Key"}
GET BILLER ID API RESPONSE : {"STATUS":"400","MSG":"Empty Private Key"}
GET BILLER ID API RESPONSE : {"STATUS":"400","MSG":"Empty Private Key"}
GET BILLER ID API RESPONSE : {"STATUS":"400","MSG":"Empty Private Key"}
GET BILLER ID API RESPONSE : {"STATUS":"400","MSG":"Empty Private Key"}
GET BILLER ID API RESPONSE : {"STATUS":"400","MSG":"Empty Private Key"}
GET BILLER ID API RESPONSE : {"STATUS":"400","MSG":"Empty Private Key"}
GET BILLER ID API RESPONSE : {"STATUS":"400","MSG":"Empty Private Key"}
ADD BILLER API DATA : "{\"mercid\":\"25806\",\"customerid\":187,\"privatekey\":\"ec2db8da735d4600f5f65a9d129388a519b57a0a0f044c138b042363defb3dc5\",\"callbackurl\":\"http:\\\/\\\/partnerpay.co.in\\\/bbps\\\/billapi\\\/bill_data_response\",\"returnurl\":\"http:\\\/\\\/partnerpay.co.in\\\/bbps\\\/billapi\\\/account_register_response\",\"action\":\"ADD_BILLER\",\"checksum\":\"f4b9ba4d0235cc1049ede38f20ce9b43\",\"bill_data\":[{\"fname\":\"AIRPAY\",\"lname\":\"Lname\",\"email\":\"swapnil.pawar@airpay.co.in\",\"mobile_number\":\"8291893032\",\"account_id\":\"8291893032\",\"details\":\"{\\\"Relationship Number\\\":\\\"109950188\\\",\\\"Customer Name\\\":\\\"AIRPAY\\\"}\",\"billerid\":\"2\",\"remark\":\"2\",\"requestid\":68}]}"
ADD BILLER API RESPONSE : {"STATUS":"200","MSG":"Data uploaded successfully"}
REGISTER DATA RESPONSE : {"REGISTERID":66,"BILLERACCOUNTID":"ARPBLSE0000041","ACCOUNTID":"8291893032","PROFILEID":"25806","CUSTOMERID":"187","REQUESTNUMBER":"68","STATUS":"200","CHECKSUM":"455c5ccd9230a7716115b3337d54dd55","PRIVATEKEY":"ec2db8da735d4600f5f65a9d129388a519b57a0a0f044c138b042363defb3dc5"}
REGISTER DATA RESPONSE FROM P : UPLOADED SUCCESSFULLY 
GET BILLER ID API RESPONSE : {"STATUS":"400","MSG":"Empty Private Key"}
ADD BILLER API DATA : "{\"mercid\":\"25806\",\"customerid\":187,\"privatekey\":\"ec2db8da735d4600f5f65a9d129388a519b57a0a0f044c138b042363defb3dc5\",\"callbackurl\":\"http:\\\/\\\/partnerpay.co.in\\\/bbps\\\/billapi\\\/bill_data_response\",\"returnurl\":\"http:\\\/\\\/partnerpay.co.in\\\/bbps\\\/billapi\\\/account_register_response\",\"action\":\"ADD_BILLER\",\"checksum\":\"f4b9ba4d0235cc1049ede38f20ce9b43\",\"bill_data\":[{\"fname\":\"AIRPAY PAYMENT SERVICES PVT LTD\",\"lname\":\"Lname\",\"email\":\"swapnil.pawar@airpay.co.in\",\"mobile_number\":\"8291893013\",\"account_id\":\"8291893013\",\"details\":\"{\\\"Relationship Number\\\":\\\"109950191\\\",\\\"Customer Name\\\":\\\"AIRPAY PAYMENT SERVICES PVT LTD\\\"}\",\"billerid\":\"2\",\"remark\":\"2\",\"requestid\":69}]}"
ADD BILLER API RESPONSE : {"STATUS":"200","MSG":"Data uploaded successfully"}
GET BILLER ID API RESPONSE : {"STATUS":"400","MSG":"Empty Private Key"}
GET BILLER ID API RESPONSE : {"STATUS":"400","MSG":"Empty Private Key"}
GET BILLER ID API RESPONSE : {"STATUS":"400","MSG":"Empty Private Key"}
GET BILLER ID API RESPONSE : {"STATUS":"400","MSG":"Empty Private Key"}
GET BILLER ID API RESPONSE : {"STATUS":"400","MSG":"Empty Private Key"}
GET BILLER ID API RESPONSE : {"STATUS":"400","MSG":"Empty Private Key"}
GET BILLER ID API RESPONSE : {"STATUS":"400","MSG":"Empty Private Key"}
GET BILLER ID API RESPONSE : {"STATUS":"400","MSG":"Empty Private Key"}
GET BILLER ID API RESPONSE : {"STATUS":"400","MSG":"Empty Private Key"}
GET BILLER ID API RESPONSE : {"STATUS":"400","MSG":"Empty Private Key"}
GET BILLER ID API RESPONSE : {"STATUS":"400","MSG":"Empty Private Key"}
GET BILLER ID API RESPONSE : {"STATUS":"400","MSG":"Empty Private Key"}
GET BILLER ID API RESPONSE : {"STATUS":"400","MSG":"Empty Private Key"}
GET BILLER ID API RESPONSE : {"STATUS":"400","MSG":"Empty Private Key"}
GET BILLER ID API RESPONSE : {"STATUS":"400","MSG":"Empty Private Key"}
