Bill DATA RESPONSE : {"USER_ID":"243","CUSTOMER_ID":"1","ACCOUNTID":"9874564857","BILLAMOUNT":"208.10","BILLID":"ARPBJ0073","BILLDUEDATE":"20180630","BILLNUMBER":"ABVT1806190002","BILLERNAME":"Bharti Airtel Limited, Mumbai","REGISTERID":212,"BILLRSPID":37,"REQUESTNUMBER":"87","CHECKSUM":"995b5f68bfcaeb29d228556c2a3b9ebc","PRIVATEKEY":"2bc541008972c2e0b8206f0c25e0b1171adf745ca9bb2ec16bc19a5e6ce1f955"}
REGISTER DATA RESPONSE : {"USER_ID":"243","CUSTOMER_ID":"1","ACCOUNTID":"9874564857","BILLAMOUNT":"208.10","BILLID":"ARPBJ0073","BILLDUEDATE":"20180630","BILLNUMBER":"ABVT1806190002","BILLERNAME":"Bharti Airtel Limited, Mumbai","REGISTERID":212,"BILLRSPID":37,"REQUESTNUMBER":"87","CHECKSUM":"995b5f68bfcaeb29d228556c2a3b9ebc","PRIVATEKEY":"2bc541008972c2e0b8206f0c25e0b1171adf745ca9bb2ec16bc19a5e6ce1f955"}
REGISTER DATA RESPONSE : {"USER_ID":"243","CUSTOMER_ID":"1","ACCOUNTID":"9874564857","BILLAMOUNT":"208.10","BILLID":"ARPBJ0073","BILLDUEDATE":"20180630","BILLNUMBER":"ABVT1806190002","BILLERNAME":"Bharti Airtel Limited, Mumbai","REGISTERID":212,"BILLRSPID":37,"REQUESTNUMBER":"87","CHECKSUM":"995b5f68bfcaeb29d228556c2a3b9ebc","PRIVATEKEY":"2bc541008972c2e0b8206f0c25e0b1171adf745ca9bb2ec16bc19a5e6ce1f955"}
REGISTER DATA RESPONSE : {"USER_ID":"243","CUSTOMER_ID":"1","ACCOUNTID":"9874564857","BILLAMOUNT":"208.10","BILLID":"ARPBJ0073","BILLDUEDATE":"20180630","BILLNUMBER":"ABVT1806190002","BILLERNAME":"Bharti Airtel Limited, Mumbai","REGISTERID":212,"BILLRSPID":37,"REQUESTNUMBER":"87","CHECKSUM":"995b5f68bfcaeb29d228556c2a3b9ebc","PRIVATEKEY":"2bc541008972c2e0b8206f0c25e0b1171adf745ca9bb2ec16bc19a5e6ce1f955"}
REGISTER DATA RESPONSE : {"USER_ID":"243","CUSTOMER_ID":"1","ACCOUNTID":"9874564857","BILLAMOUNT":"208.10","BILLID":"ARPBJ0073","BILLDUEDATE":"20180630","BILLNUMBER":"ABVT1806190002","BILLERNAME":"Bharti Airtel Limited, Mumbai","REGISTERID":212,"BILLRSPID":37,"REQUESTNUMBER":"87","CHECKSUM":"995b5f68bfcaeb29d228556c2a3b9ebc","PRIVATEKEY":"2bc541008972c2e0b8206f0c25e0b1171adf745ca9bb2ec16bc19a5e6ce1f955"}
REGISTER DATA RESPONSE : {"USER_ID":"243","CUSTOMER_ID":"1","ACCOUNTID":"9874564857","BILLAMOUNT":"208.10","BILLID":"ARPBJ0073","BILLDUEDATE":"20180630","BILLNUMBER":"ABVT1806190002","BILLERNAME":"Bharti Airtel Limited, Mumbai","REGISTERID":212,"BILLRSPID":37,"REQUESTNUMBER":"87","CHECKSUM":"995b5f68bfcaeb29d228556c2a3b9ebc","PRIVATEKEY":"2bc541008972c2e0b8206f0c25e0b1171adf745ca9bb2ec16bc19a5e6ce1f955"}
Bill DATA RESPONSE : {"USER_ID":"243","CUSTOMER_ID":"1","ACCOUNTID":"9874564857","BILLAMOUNT":"208.10","BILLID":"ARPBJ0073","BILLDUEDATE":"20180630","BILLNUMBER":"ABVT1806190002","BILLERNAME":"Bharti Airtel Limited, Mumbai","REGISTERID":212,"BILLRSPID":37,"REQUESTNUMBER":"87","CHECKSUM":"995b5f68bfcaeb29d228556c2a3b9ebc","PRIVATEKEY":"2bc541008972c2e0b8206f0c25e0b1171adf745ca9bb2ec16bc19a5e6ce1f955"}
Bill DATA RESPONSE : {"USER_ID":"243","CUSTOMER_ID":"1","ACCOUNTID":"9874564857","BILLAMOUNT":"208.10","BILLID":"ARPBJ0073","BILLDUEDATE":"20180630","BILLNUMBER":"ABVT1806190002","BILLERNAME":"Bharti Airtel Limited, Mumbai","REGISTERID":212,"BILLRSPID":37,"REQUESTNUMBER":"87","CHECKSUM":"995b5f68bfcaeb29d228556c2a3b9ebc","PRIVATEKEY":"2bc541008972c2e0b8206f0c25e0b1171adf745ca9bb2ec16bc19a5e6ce1f955"}
Bill DATA RESPONSE : {"USER_ID":"243","CUSTOMER_ID":"1","ACCOUNTID":"9874564857","BILLAMOUNT":"208.10","BILLID":"ARPBJ0073","BILLDUEDATE":"20180630","BILLNUMBER":"ABVT1806190002","BILLERNAME":"Bharti Airtel Limited, Mumbai","REGISTERID":212,"BILLRSPID":37,"REQUESTNUMBER":"87","CHECKSUM":"995b5f68bfcaeb29d228556c2a3b9ebc","PRIVATEKEY":"2bc541008972c2e0b8206f0c25e0b1171adf745ca9bb2ec16bc19a5e6ce1f955"}
Bill DATA RESPONSE : {"USER_ID":"245","CUSTOMER_ID":"1","ACCOUNTID":"9874564857","BILLAMOUNT":"208.10","BILLID":"ARPBJ0073","BILLDUEDATE":"20180630","BILLNUMBER":"ABVT1806190002","BILLERNAME":"Bharti Airtel Limited, Mumbai","REGISTERID":212,"BILLRSPID":37,"REQUESTNUMBER":"87","CHECKSUM":"b7fd03993721468a5740ac9bbe1ec403","PRIVATEKEY":"91e747ae8fd76152ddba23ae7547e614bdea61d6356a3db679380b1ec4a8b2da"}



==============================
Bill DATA RESPONSE : {"USER_ID":"245","CUSTOMER_ID":"1","ACCOUNTID":"9874564857","BILLAMOUNT":"208.10","BILLID":"ARPBJ0073","BILLDUEDATE":"20180630","BILLNUMBER":"ABVT1806190002","BILLERNAME":"Bharti Airtel Limited, Mumbai","REGISTERID":212,"BILLRSPID":37,"REQUESTNUMBER":"87","CHECKSUM":"b7fd03993721468a5740ac9bbe1ec403","PRIVATEKEY":"91e747ae8fd76152ddba23ae7547e614bdea61d6356a3db679380b1ec4a8b2da"}




========================

Bill DATA RESPONSE : {"USER_ID":245,"CUSTOMER_ID":1,"ACOOUNTID":"9874564857","BILLAMOUNT":208.1,"BILLID":"ARPBJ0073","BILLDUEDATE":"20180630","BILLNUMBER":"ABVT1806190002","BILLERNAME":"Bharti Airtel Limited, Mumbai","BBPS_REGISTER_RES_ID":"212","VIEW_BILL_RSP_ID":"37","REFERENCE_NUMBER":"87","CALLBACKURL":"192.168.1.184\/partnerpay\/web\/bbps\/default\/bill_data_response"}
Bill DATA RESPONSE : {"USER_ID":245,"CUSTOMER_ID":1,"ACOOUNTID":"9874564857","BILLAMOUNT":208.1,"BILLID":"ARPBJ0073","BILLDUEDATE":"20180630","BILLNUMBER":"ABVT1806190002","BILLERNAME":"Bharti Airtel Limited, Mumbai","BBPS_REGISTER_RES_ID":"212","VIEW_BILL_RSP_ID":"37","REQUESTNUMBER":"87","CALLBACKURL":"192.168.1.184\/partnerpay\/web\/bbps\/default\/bill_data_response"}





==========================

Bill DATA RESPONSE : {"USER_ID":"245","CUSTOMER_ID":"1","ACCOUNTID":"9874564857","BILLAMOUNT":"208.10","BILLID":"ARPBJ0073","BILLDUEDATE":"20180630","BILLNUMBER":"ABVT1806190002","BILLERNAME":"Bharti Airtel Limited, Mumbai","REGISTERID":212,"BILLRSPID":37,"REQUESTNUMBER":"87","CHECKSUM":"b7fd03993721468a5740ac9bbe1ec403","PRIVATEKEY":"91e747ae8fd76152ddba23ae7547e614bdea61d6356a3db679380b1ec4a8b2da"}
Bill DATA RESPONSE : {"USER_ID":"245","CUSTOMER_ID":"1","ACCOUNTID":"9874564857","BILLAMOUNT":"208.10","BILLID":"ARPBJ0073","BILLDUEDATE":"20180630","BILLNUMBER":"ABVT1806190002","BILLERNAME":"Bharti Airtel Limited, Mumbai","REGISTERID":212,"BILLRSPID":37,"REQUESTNUMBER":"87","CHECKSUM":"b7fd03993721468a5740ac9bbe1ec403","PRIVATEKEY":"91e747ae8fd76152ddba23ae7547e614bdea61d6356a3db679380b1ec4a8b2da"}
Bill DATA RESPONSE : {"USER_ID":"245","CUSTOMER_ID":"1","ACCOUNTID":"9874564857","BILLAMOUNT":"208.10","BILLID":"ARPBJ0073","BILLDUEDATE":"20180630","BILLNUMBER":"ABVT1806190002","BILLERNAME":"Bharti Airtel Limited, Mumbai","REGISTERID":212,"BILLRSPID":37,"REQUESTNUMBER":"87","CHECKSUM":"b7fd03993721468a5740ac9bbe1ec403","PRIVATEKEY":"91e747ae8fd76152ddba23ae7547e614bdea61d6356a3db679380b1ec4a8b2da"}
Bill DATA RESPONSE : {"USER_ID":"245","CUSTOMER_ID":"1","ACCOUNTID":"9874564857","BILLAMOUNT":"208.10","BILLID":"ARPBJ0073","BILLDUEDATE":"20180630","BILLNUMBER":"ABVT1806190002","BILLERNAME":"Bharti Airtel Limited, Mumbai","REGISTERID":212,"BILLRSPID":37,"REQUESTNUMBER":"87","CHECKSUM":"b7fd03993721468a5740ac9bbe1ec403","PRIVATEKEY":"91e747ae8fd76152ddba23ae7547e614bdea61d6356a3db679380b1ec4a8b2da"}
Bill DATA RESPONSE : {"USER_ID":"245","CUSTOMER_ID":"1","ACCOUNTID":"9874564857","BILLAMOUNT":"208.10","BILLID":"ARPBJ0073","BILLDUEDATE":"20180630","BILLNUMBER":"ABVT1806190002","BILLERNAME":"Bharti Airtel Limited, Mumbai","REGISTERID":212,"BILLRSPID":37,"REQUESTNUMBER":"87","CHECKSUM":"b7fd03993721468a5740ac9bbe1ec403","PRIVATEKEY":"91e747ae8fd76152ddba23ae7547e614bdea61d6356a3db679380b1ec4a8b2da"}
Bill DATA RESPONSE : {"USER_ID":"245","CUSTOMER_ID":"1","ACCOUNTID":"9696969621","BILLAMOUNT":"208.10","BILLID":"ARPBJ0071","BILLDUEDATE":"20180630","BILLNUMBER":"ABVT1806190001","BILLERNAME":"Bharti Airtel Limited, Mumbai","REGISTERID":211,"BILLRSPID":36,"REQUESTNUMBER":"86","CHECKSUM":"5caa6027a2ad2b90c6f4c8311568cfa1","PRIVATEKEY":"91e747ae8fd76152ddba23ae7547e614bdea61d6356a3db679380b1ec4a8b2da"}
Bill DATA RESPONSE : {"USER_ID":"245","CUSTOMER_ID":"1","ACCOUNTID":"9874564857","BILLAMOUNT":"208.10","BILLID":"ARPBJ0073","BILLDUEDATE":"20180630","BILLNUMBER":"ABVT1806190002","BILLERNAME":"Bharti Airtel Limited, Mumbai","REGISTERID":212,"BILLRSPID":37,"REQUESTNUMBER":"87","CHECKSUM":"b7fd03993721468a5740ac9bbe1ec403","PRIVATEKEY":"91e747ae8fd76152ddba23ae7547e614bdea61d6356a3db679380b1ec4a8b2da"}
Bill DATA RESPONSE : {"USER_ID":"245","CUSTOMER_ID":"1","ACCOUNTID":"7738894563","BILLAMOUNT":"208.10","BILLID":"ARPBJ0075","BILLDUEDATE":"20180630","BILLNUMBER":"ABVT1806190003","BILLERNAME":"Bharti Airtel Limited, Mumbai","REGISTERID":213,"BILLRSPID":38,"REQUESTNUMBER":"88","CHECKSUM":"ed539931f23c8046e9c90cf16bef7da5","PRIVATEKEY":"91e747ae8fd76152ddba23ae7547e614bdea61d6356a3db679380b1ec4a8b2da"}
Bill DATA RESPONSE : {"USER_ID":"245","CUSTOMER_ID":"1","ACCOUNTID":"9696969693","BILLAMOUNT":"208.10","BILLID":"ARPBJ0079","BILLDUEDATE":"20180630","BILLNUMBER":"ABVT1806190004","BILLERNAME":"Bharti Airtel Limited, Mumbai","REGISTERID":214,"BILLRSPID":39,"REQUESTNUMBER":"89","CHECKSUM":"9ccce2bf0620d1aa50bedc2e1cb7203e","PRIVATEKEY":"91e747ae8fd76152ddba23ae7547e614bdea61d6356a3db679380b1ec4a8b2da"}
Bill DATA RESPONSE : {"USER_ID":"245","CUSTOMER_ID":"1","ACCOUNTID":"7738894511","BILLAMOUNT":"208.10","BILLID":"ARPBJ0077","BILLDUEDATE":"20180630","BILLNUMBER":"ABVT1806190005","BILLERNAME":"Bharti Airtel Limited, Mumbai","REGISTERID":215,"BILLRSPID":40,"REQUESTNUMBER":"90","CHECKSUM":"e075226433c5040c0dd69ba1c3c21bfb","PRIVATEKEY":"91e747ae8fd76152ddba23ae7547e614bdea61d6356a3db679380b1ec4a8b2da"}


===================

Bill DATA RESPONSE : {"USER_ID":"245","CUSTOMER_ID":"1","ACCOUNTID":"9696969621","BILLAMOUNT":"208.10","BILLID":"ARPBJ0071","BILLDUEDATE":"20180630","BILLNUMBER":"ABVT1806190001","BILLERNAME":"Bharti Airtel Limited, Mumbai","REGISTERID":211,"BILLRSPID":36,"REQUESTNUMBER":"86","CHECKSUM":"99451f5ce96f1ebe653dfc1c1c9c7778","PRIVATEKEY":"91e747ae8fd76152ddba23ae7547e614bdea61d6356a3db679380b1ec4a8b2da"}
Bill DATA RESPONSE : {"USER_ID":"245","CUSTOMER_ID":"1","ACCOUNTID":"9874564857","BILLAMOUNT":"208.10","BILLID":"ARPBJ0073","BILLDUEDATE":"20180630","BILLNUMBER":"ABVT1806190002","BILLERNAME":"Bharti Airtel Limited, Mumbai","REGISTERID":212,"BILLRSPID":37,"REQUESTNUMBER":"87","CHECKSUM":"e11fb44f3996b97792d7b0a3e9a9c508","PRIVATEKEY":"91e747ae8fd76152ddba23ae7547e614bdea61d6356a3db679380b1ec4a8b2da"}
Bill DATA RESPONSE : {"USER_ID":"245","CUSTOMER_ID":"1","ACCOUNTID":"7738894563","BILLAMOUNT":"208.10","BILLID":"ARPBJ0075","BILLDUEDATE":"20180630","BILLNUMBER":"ABVT1806190003","BILLERNAME":"Bharti Airtel Limited, Mumbai","REGISTERID":213,"BILLRSPID":38,"REQUESTNUMBER":"88","CHECKSUM":"e3b9a3acead3289b0adb54c7da470bfb","PRIVATEKEY":"91e747ae8fd76152ddba23ae7547e614bdea61d6356a3db679380b1ec4a8b2da"}
Bill DATA RESPONSE : {"USER_ID":"245","CUSTOMER_ID":"1","ACCOUNTID":"9696969693","BILLAMOUNT":"208.10","BILLID":"ARPBJ0079","BILLDUEDATE":"20180630","BILLNUMBER":"ABVT1806190004","BILLERNAME":"Bharti Airtel Limited, Mumbai","REGISTERID":214,"BILLRSPID":39,"REQUESTNUMBER":"89","CHECKSUM":"deb3fde7b96777b28071a86f5b8d4b99","PRIVATEKEY":"91e747ae8fd76152ddba23ae7547e614bdea61d6356a3db679380b1ec4a8b2da"}
Bill DATA RESPONSE : {"USER_ID":"245","CUSTOMER_ID":"1","ACCOUNTID":"7738894511","BILLAMOUNT":"208.10","BILLID":"ARPBJ0077","BILLDUEDATE":"20180630","BILLNUMBER":"ABVT1806190005","BILLERNAME":"Bharti Airtel Limited, Mumbai","REGISTERID":215,"BILLRSPID":40,"REQUESTNUMBER":"90","CHECKSUM":"b62fe01684b534492f2655424a266653","PRIVATEKEY":"91e747ae8fd76152ddba23ae7547e614bdea61d6356a3db679380b1ec4a8b2da"}
Bill DATA RESPONSE : {"USER_ID":"245","CUSTOMER_ID":"1","ACCOUNTID":"9874564857","BILLAMOUNT":"208.10","BILLID":"ARPBJ0073","BILLDUEDATE":"20180630","BILLNUMBER":"ABVT1806190002","BILLERNAME":"Bharti Airtel Limited, Mumbai","REGISTERID":212,"BILLRSPID":37,"REQUESTNUMBER":"87","CHECKSUM":"b7fd03993721468a5740ac9bbe1ec403","PRIVATEKEY":"91e747ae8fd76152ddba23ae7547e614bdea61d6356a3db679380b1ec4a8b2da"}
MAKE PAYMENT DATA RESPONSE : null
MAKE PAYMENT DATA RESPONSE : null
MAKE PAYMENT DATA RESPONSE : {"400":"Incorrect Checksum"}
MAKE PAYMENT DATA RESPONSE : {"400":"Incorrect Checksum"}
~208.10~215166~192.168.1.184/partnerpay/web/bbps/billapi/paymentstatus~
7f65e71578d62dcbbf8624718341bb48
MAKE PAYMENT DATA RESPONSE : {"400":"Incorrect Checksum~208.10~215166~192.168.1.184\/partnerpay\/web\/bbps\/billapi\/paymentstatus"}
MAKE PAYMENT DATA RESPONSE : {"400":"Incorrect Checksum~208.10~215169"}
MAKE PAYMENT DATA RESPONSE : {"400":"Incorrect Checksum~208.10~215170"}
MAKE PAYMENT DATA RESPONSE : {"400":"Incorrect Checksum~208.10~215171"}
f650e6857ee2796e3770b6a1985a20e0
245~208.10~215172
MAKE PAYMENT DATA RESPONSE : {"400":"Incorrect Checksum~208.10~215172"}
630f186e99bd249ea1b4e5e24b651222
245~208.10~215173
MAKE PAYMENT DATA RESPONSE : "\t\r\n\n{\"400\":null}\r\n"
MAKE PAYMENT DATA RESPONSE : {"400":"Incorrect Checksum"}
MAKE PAYMENT DATA RESPONSE : "\t\r\n\n{\"200\":\"Data updated successfully\"}\n"
MAKE PAYMENT DATA RESPONSE : {"MAKEPAYMENT_REQ_ID":"32","VIEW_BILL_RSP_ID":"37","PROFILE_ID":"245","CUSTOMER_ID":"245","TXNID":"215176","BILLERID":"AIRTMU","BILLERACCOUNTID":"ARPBLSE0000145","SHORTNAME":"17","AUTHENTICATOR":"1591578623","BILLID":"ARPBJ0073","BILLDUEDATE":"20180630","BILLDATE":"20180630","BILLNUMBER":"ABVT1806190002","PAYMENTAMOUNT":"208.10","BANKREFNUMBER":"1529576906","RETURNURL":"192.168.1.184\/partnerpay\/web\/bbps\/billapi\/paymentstatus","FLAG":"N","STATUS":"N","TRANSACTIONID":"NA","CURRENTDATE":1529577022,"MAKEPAYMENT_RES_ID":true,"CHECKSUM":"2f9c968fbd1d128577c13c2ab238682d"}
MAKE PAYMENT DATA RESPONSE : "\t\r\n\n{\"200\":\"Data updated successfully\"}\n"
MAKE PAYMENT DATA RESPONSE : "\t\r\n\n{\"200\":\"Data updated successfully\"}\n"
MAKE PAYMENT DATA RESPONSE : {"MAKEPAYMENT_REQ_ID":"34","VIEW_BILL_RSP_ID":"37","PROFILE_ID":"245","CUSTOMER_ID":"245","TXNID":"215188","BILLERID":"AIRTMU","BILLERACCOUNTID":"ARPBLSE0000145","SHORTNAME":"17","AUTHENTICATOR":"9874564857","BILLID":"ARPBJ0073","BILLDUEDATE":"20180630","BILLDATE":"20180630","BILLNUMBER":"ABVT1806190002","PAYMENTAMOUNT":"208.10","BANKREFNUMBER":"1529578691","RETURNURL":"192.168.1.184\/partnerpay\/web\/bbps\/billapi\/paymentstatus","FLAG":"N","STATUS":"N","TRANSACTIONID":"NA","CURRENTDATE":1529578861,"MAKEPAYMENT_RES_ID":true,"CHECKSUM":"9706caa7c904a11539623e4183a20fe7"}
