ADD BILLER API RESPONSE : {"STATUS":"200","MSG":"Data uploaded successfully"}
ADD BILLER API RESPONSE : null


asdasd-============================
ADD BILLER API RESPONSE : {"STATUS":"200","MSG":"Data uploaded successfully"}
{"private_key":"","mercid":245,"callbackurl":"192.168.1.184\/partnerpay\/web\/bbps\/default\/paymentstatus","checkSum":"","airpay_id":"214830","amountsum":"208.00","makepaymentdata":[{"viewbillresponseid":"22","amount":208}]}
 MAKE PAYMENT DATA RESPONSE : {"200":"Data updated successfully"}
{"private_key":"","mercid":245,"callbackurl":"192.168.1.184\/partnerpay\/web\/bbps\/default\/paymentstatus","checkSum":"","airpay_id":"214832","amountsum":"208.00","makepaymentdata":[{"viewbillresponseid":"32","amount":208}]}
 MAKE PAYMENT DATA RESPONSE : {"200":"Data updated successfully"}
 REGISTER DATA RESPONSE : {"USER_ID":"245","CUSTOMER_ID":"245","AUTHENTICATOR":"9029058651","REFERENCE_NUMBER":"11","STATUS":"400","ERRMSG":"Data mismatch"}
 REGISTER DATA RESPONSE : {"USER_ID":"245","CUSTOMER_ID":"245","AUTHENTICATOR":"9029058951","REFERENCE_NUMBER":"11","STATUS":"400","ERRMSG":"Data mismatch"}
 
REGISTER DATA RESPONSE : {"REGISTERID":204,"BILLERACCOUNTID":"ARPBLSE0000138","ACCOUNTID":"9874561541","PROFILEID":"243","CUSTOMERID":"1","REQUESTNUMBER":"","STATUS":"200","CHECKSUM":"d8660fa3feff120dec33fb1bae7b0857","PRIVATEKEY":"2bc541008972c2e0b8206f0c25e0b1171adf745ca9bb2ec16bc19a5e6ce1f955"}
 REGISTER DATA RESPONSE : {"REGISTERID":205,"BILLERACCOUNTID":"ARPBLSE0000139","ACCOUNTID":"9874562451","PROFILEID":"243","CUSTOMERID":"1","REQUESTNUMBER":"56","STATUS":"200","CHECKSUM":"3231ec888830edc17a3c8fc2232c07ef","PRIVATEKEY":"2bc541008972c2e0b8206f0c25e0b1171adf745ca9bb2ec16bc19a5e6ce1f955"}

ADD BILLER API RESPONSE : {"STATUS":"200","MSG":"Data uploaded successfully"}

asdd =======
 REGISTER DATA RESPONSE : {"REGISTERID":206,"BILLERACCOUNTID":"ARPBLSE0000140","ACCOUNTID":"9874568745","PROFILEID":"243","CUSTOMERID":"1","REQUESTNUMBER":"57","STATUS":"200","CHECKSUM":"17d4200cf302318b96125c79e0cbb043","PRIVATEKEY":"2bc541008972c2e0b8206f0c25e0b1171adf745ca9bb2ec16bc19a5e6ce1f955"}

Bill DATA RESPONSE : {"USER_ID":"243","CUSTOMER_ID":"1","ACCOUNTID":"1591578820","BILLAMOUNT":"208.00","BILLID":"ARPBJ0069","BILLDUEDATE":"20180617","BILLNUMBER":"ACVT1806130015","BILLERNAME":"Bharti Airtel Limited, Mumbai","REGISTERID":196,"BILLRSPID":35,"REQUESTNUMBER":56,"CHECKSUM":"b2d1bd9574dd3945f4802abe7d2f3dbe","PRIVATEKEY":"2bc541008972c2e0b8206f0c25e0b1171adf745ca9bb2ec16bc19a5e6ce1f955"}

asdsd=======
Bill DATA RESPONSE : {"USER_ID":"243","CUSTOMER_ID":"1","ACCOUNTID":"1591578820","BILLAMOUNT":"208.00","BILLID":"ARPBJ0069","BILLDUEDATE":"20180617","BILLNUMBER":"ACVT1806130015","BILLERNAME":"Bharti Airtel Limited, Mumbai","REGISTERID":196,"BILLRSPID":35,"REQUESTNUMBER":56,"CHECKSUM":"b2d1bd9574dd3945f4802abe7d2f3dbe","PRIVATEKEY":"2bc541008972c2e0b8206f0c25e0b1171adf745ca9bb2ec16bc19a5e6ce1f955"}
Bill DATA RESPONSE : {"USER_ID":"243","CUSTOMER_ID":"1","ACCOUNTID":"9874568745","BILLAMOUNT":"208.00","BILLID":"ARPBJ0069","BILLDUEDATE":"20180617","BILLNUMBER":"ACVT1806130015","BILLERNAME":"Bharti Airtel Limited, Mumbai","REGISTERID":196,"BILLRSPID":35,"REQUESTNUMBER":56,"CHECKSUM":"b2d1bd9574dd3945f4802abe7d2f3dbe","PRIVATEKEY":"2bc541008972c2e0b8206f0c25e0b1171adf745ca9bb2ec16bc19a5e6ce1f955"}
Bill DATA RESPONSE : {"USER_ID":"243","CUSTOMER_ID":"1","ACCOUNTID":"9874562451","BILLAMOUNT":"208.00","BILLID":"ARPBJ0069","BILLDUEDATE":"20180617","BILLNUMBER":"ACVT1806130015","BILLERNAME":"Bharti Airtel Limited, Mumbai","REGISTERID":196,"BILLRSPID":35,"REQUESTNUMBER":56,"CHECKSUM":"b2d1bd9574dd3945f4802abe7d2f3dbe","PRIVATEKEY":"2bc541008972c2e0b8206f0c25e0b1171adf745ca9bb2ec16bc19a5e6ce1f955"}
{"private_key":"","mercid":245,"callbackurl":"192.168.1.184\/partnerpay\/web\/bbps\/default\/paymentstatus","checkSum":"","airpay_id":"214839","amountsum":"208.00","makepaymentdata":[{"viewbillresponseid":"35","amount":208}]}
 MAKE PAYMENT DATA RESPONSE : {"200":"Data updated successfully"}
{"private_key":"","mercid":245,"callbackurl":"192.168.1.184\/partnerpay\/web\/bbps\/default\/paymentstatus","checkSum":"","airpay_id":"214845","amountsum":"832.00","makepaymentdata":[{"viewbillresponseid":"25","amount":208},{"viewbillresponseid":"26","amount":208},{"viewbillresponseid":"27","amount":208},{"viewbillresponseid":"28","amount":208}]}
 MAKE PAYMENT DATA RESPONSE : {"200":"Data updated successfully"}
 
MAKE PAYMENT DATA RESPONSE : {
"MAKEPAYMENT_RES_ID":35,
"MAKEPAYMENT_REQ_ID":25,
"CUSTOMER_ID":"245",
"BILLERID":"AIRTMU",
"BILLERACCOUNTID":"ARPBLSE0000105",
"SHORTNAME":"Mobile",
"AUTHENTICATOR":"9029058651",
"BILLID":"ARPBJ0047",
"BILLDUEDATE":"20180617",
"BILLDATE":"20180617",
"BILLNUMBER":"ACVT1806130004",
"PAYMENTAMMOUNT":"208.00",
"BANKREFNUMBER":"1528974298",
"STATUS":"Y",
"TRANSACTIONID":"ARP25",
"CURRENTDATE":1528974519,
"RECONSTATUS":"Y",
"VIEW_BILL_RSP_ID":35,
"RETURNURL":"192.168.1.184\/partnerpay\/web\/bbps\/default\/paymentstatus"}



asdasd =========== MAKE PAYMENT DATA RESPONSE : {"MAKEPAYMENT_RES_ID":35,"MAKEPAYMENT_REQ_ID":5,"CUSTOMER_ID":"245","BILLERID":"AIRTMU","BILLERACCOUNTID":"ARPBLSE0000105","SHORTNAME":"Mobile","AUTHENTICATOR":"9029058651","BILLID":"ARPBJ0047","BILLDUEDATE":"20180617","BILLDATE":"20180617","BILLNUMBER":"ACVT1806130004","PAYMENTAMMOUNT":"208.00","BANKREFNUMBER":"1528974298","STATUS":"Y","TRANSACTIONID":"ARP25","CURRENTDATE":1528974519,"RECONSTATUS":"Y","VIEW_BILL_RSP_ID":35,"RETURNURL":"192.168.1.184\\\/partnerpay\\\/web\\\/bbps\\\/default\\\/paymentstatus"}
 MAKE PAYMENT DATA RESPONSE : {"MAKEPAYMENT_RES_ID":35,"MAKEPAYMENT_REQ_ID":5,"CUSTOMER_ID":"245","BILLERID":"AIRTMU","BILLERACCOUNTID":"ARPBLSE0000105","SHORTNAME":"Mobile","AUTHENTICATOR":"9874562451","BILLID":"ARPBJ0047","BILLDUEDATE":"20180617","BILLDATE":"20180617","BILLNUMBER":"ACVT1806130004","PAYMENTAMMOUNT":"208.00","BANKREFNUMBER":"1528974298","STATUS":"Y","TRANSACTIONID":"ARP25","CURRENTDATE":1528974519,"RECONSTATUS":"Y","VIEW_BILL_RSP_ID":35,"RETURNURL":"192.168.1.184\\\/partnerpay\\\/web\\\/bbps\\\/default\\\/paymentstatus"}
