 MAKE PAYMENT DATA RESPONSE : {"MAKEPAYMENT_REQ_ID":"31","VIEW_BILL_RSP_ID":"31","PROFILE_ID":"245","CUSTOMER_ID":"245","TXNID":"214996","BILLERID":"AIRTMU","BILLERACCOUNTID":"ARPBLSE0000127","SHORTNAME":"Mobile","AUTHENTICATOR":"7738894562","BILLID":"ARPBJ0061","BILLDUEDATE":"20180617","BILLDATE":"20180617","BILLNUMBER":"ACVT1806130011","PAYMENTAMOUNT":"208.00","BANKREFNUMBER":"1529323343","RETURNURL":"192.168.1.184\/partnerpay\/web\/bbps\/default\/paymentstatus","FLAG":"N","STATUS":null,"TRANSACTIONID":null,"CURRENTDATE":1529480541,"MAKEPAYMENT_RES_ID":false,"CHECKSUM":"47c17647c5b2791c5a217601e4b434e1"}
Working
ADD BILLER API RESPONSE : null

asd =====

ADD BILLER API RESPONSE : {"STATUS":"400","MSG":"Empty private key."}


ADD BILLER API RESPONSE : {"STATUS":"400","MSG":"Empty checksum."}

asdd ======
ADD BILLER API RESPONSE : {"STATUS":"200","MSG":"Data uploaded successfully"}

asddas ========

ADD BILLER API RESPONSE : {"STATUS":"200","MSG":"Data uploaded successfully"}

ADD BILLER API RESPONSE : {"STATUS":"200","MSG":"Data uploaded successfully"}

REGISTER DATA RESPONSE : {"USER_ID":"243","CUSTOMER_ID":"95","ACCOUNTID":"9874561458","REFERENCE_NUMBER":"4","STATUS":"400","ERRMSG":"Data mismatch"}

REGISTER DATA RESPONSE : {"USER_ID":"243","CUSTOMER_ID":"95","ACCOUNTID":"9874561248","REFERENCE_NUMBER":"5","STATUS":"400","ERRMSG":"Data mismatch"}

REGISTER DATA RESPONSE : {"USER_ID":"243","CUSTOMER_ID":"95","ACCOUNTID":"9768832469","REFERENCE_NUMBER":"6","STATUS":"400","ERRMSG":"Data mismatch"}

REGISTER DATA RESPONSE : {"USER_ID":"243","CUSTOMER_ID":"95","ACCOUNTID":"9768832470","REFERENCE_NUMBER":"7","STATUS":"400","ERRMSG":"Data mismatch"}

REGISTER DATA RESPONSE : {"USER_ID":"243","CUSTOMER_ID":"95","ACCOUNTID":"9768832471","REFERENCE_NUMBER":"8","STATUS":"400","ERRMSG":"Data mismatch"}

REGISTER DATA RESPONSE : {"USER_ID":"243","CUSTOMER_ID":"95","ACCOUNTID":"9768832472","REFERENCE_NUMBER":"9","STATUS":"400","ERRMSG":"Data mismatch"}

REGISTER DATA RESPONSE : {"USER_ID":"243","CUSTOMER_ID":"95","ACCOUNTID":"9768832473","REFERENCE_NUMBER":"10","STATUS":"400","ERRMSG":"Data mismatch"}

REGISTER DATA RESPONSE : {"USER_ID":"243","CUSTOMER_ID":"95","ACCOUNTID":"9768832474","REFERENCE_NUMBER":"11","STATUS":"400","ERRMSG":"Data mismatch"}

REGISTER DATA RESPONSE : {"USER_ID":"243","CUSTOMER_ID":"95","ACCOUNTID":"9768832475","REFERENCE_NUMBER":"12","STATUS":"400","ERRMSG":"Data mismatch"}

REGISTER DATA RESPONSE : {"USER_ID":"243","CUSTOMER_ID":"95","ACCOUNTID":"9768832476","REFERENCE_NUMBER":"13","STATUS":"400","ERRMSG":"Data mismatch"}

REGISTER DATA RESPONSE : {"USER_ID":"243","CUSTOMER_ID":"95","ACCOUNTID":"9768832477","REFERENCE_NUMBER":"14","STATUS":"400","ERRMSG":"Data mismatch"}

REGISTER DATA RESPONSE : {"USER_ID":"243","CUSTOMER_ID":"95","ACCOUNTID":"9874561458","REFERENCE_NUMBER":"4","STATUS":"400","ERRMSG":"Data mismatch"}

REGISTER DATA RESPONSE : {"USER_ID":"243","CUSTOMER_ID":"95","ACCOUNTID":"9874561248","REFERENCE_NUMBER":"5","STATUS":"400","ERRMSG":"Data mismatch"}

REGISTER DATA RESPONSE : {"USER_ID":"243","CUSTOMER_ID":"95","ACCOUNTID":"9768832469","REFERENCE_NUMBER":"6","STATUS":"400","ERRMSG":"Data mismatch"}

REGISTER DATA RESPONSE : {"USER_ID":"243","CUSTOMER_ID":"95","ACCOUNTID":"9768832470","REFERENCE_NUMBER":"7","STATUS":"400","ERRMSG":"Data mismatch"}

REGISTER DATA RESPONSE : {"USER_ID":"243","CUSTOMER_ID":"95","ACCOUNTID":"9768832471","REFERENCE_NUMBER":"8","STATUS":"400","ERRMSG":"Data mismatch"}

REGISTER DATA RESPONSE : {"USER_ID":"243","CUSTOMER_ID":"95","ACCOUNTID":"9768832472","REFERENCE_NUMBER":"9","STATUS":"400","ERRMSG":"Data mismatch"}

REGISTER DATA RESPONSE : {"USER_ID":"243","CUSTOMER_ID":"95","ACCOUNTID":"9768832473","REFERENCE_NUMBER":"10","STATUS":"400","ERRMSG":"Data mismatch"}

REGISTER DATA RESPONSE : {"USER_ID":"243","CUSTOMER_ID":"95","ACCOUNTID":"9768832474","REFERENCE_NUMBER":"11","STATUS":"400","ERRMSG":"Data mismatch"}

REGISTER DATA RESPONSE : {"USER_ID":"243","CUSTOMER_ID":"95","ACCOUNTID":"9768832475","REFERENCE_NUMBER":"12","STATUS":"400","ERRMSG":"Data mismatch"}

REGISTER DATA RESPONSE : {"USER_ID":"243","CUSTOMER_ID":"95","ACCOUNTID":"9768832476","REFERENCE_NUMBER":"13","STATUS":"400","ERRMSG":"Data mismatch"}

REGISTER DATA RESPONSE : {"USER_ID":"243","CUSTOMER_ID":"95","ACCOUNTID":"9768832477","REFERENCE_NUMBER":"14","STATUS":"400","ERRMSG":"Data mismatch"}


ADD BILLER API RESPONSE : {"STATUS":"200","MSG":"Data uploaded successfully"}


================

REGISTER DATA RESPONSE : {"USER_ID":"243","CUSTOMER_ID":"95","ACCOUNTID":"9768832488","REFERENCE_NUMBER":"42","STATUS":"400","ERRMSG":"Data mismatch"}

REGISTER DATA RESPONSE : {"USER_ID":"243","CUSTOMER_ID":"95","ACCOUNTID":"9768832489","REFERENCE_NUMBER":"43","STATUS":"400","ERRMSG":"Data mismatch"}

REGISTER DATA RESPONSE : {"USER_ID":"243","CUSTOMER_ID":"95","ACCOUNTID":"9768832490","REFERENCE_NUMBER":"44","STATUS":"400","ERRMSG":"Data mismatch"}

REGISTER DATA RESPONSE : {"USER_ID":"243","CUSTOMER_ID":"95","ACCOUNTID":"9768832491","REFERENCE_NUMBER":"45","STATUS":"400","ERRMSG":"Data mismatch"}

REGISTER DATA RESPONSE : {"USER_ID":"243","CUSTOMER_ID":"95","ACCOUNTID":"9768832492","REFERENCE_NUMBER":"46","STATUS":"400","ERRMSG":"Data mismatch"}

REGISTER DATA RESPONSE : {"USER_ID":"243","CUSTOMER_ID":"95","ACCOUNTID":"9768832493","REFERENCE_NUMBER":"47","STATUS":"400","ERRMSG":"Data mismatch"}

REGISTER DATA RESPONSE : {"USER_ID":"243","CUSTOMER_ID":"95","ACCOUNTID":"9768832494","REFERENCE_NUMBER":"48","STATUS":"400","ERRMSG":"Data mismatch"}

REGISTER DATA RESPONSE : {"USER_ID":"243","CUSTOMER_ID":"95","ACCOUNTID":"9768832495","REFERENCE_NUMBER":"49","STATUS":"400","ERRMSG":"Data mismatch"}

REGISTER DATA RESPONSE : {"USER_ID":"243","CUSTOMER_ID":"95","ACCOUNTID":"9768832496","REFERENCE_NUMBER":"50","STATUS":"400","ERRMSG":"Data mismatch"}

REGISTER DATA RESPONSE : {"USER_ID":"243","CUSTOMER_ID":"95","ACCOUNTID":"9768832488","REFERENCE_NUMBER":"42","STATUS":"400","ERRMSG":"Data mismatch"}

REGISTER DATA RESPONSE : {"USER_ID":"243","CUSTOMER_ID":"95","ACCOUNTID":"9768832489","REFERENCE_NUMBER":"43","STATUS":"400","ERRMSG":"Data mismatch"}

REGISTER DATA RESPONSE : {"USER_ID":"243","CUSTOMER_ID":"95","ACCOUNTID":"9768832490","REFERENCE_NUMBER":"44","STATUS":"400","ERRMSG":"Data mismatch"}

REGISTER DATA RESPONSE : {"USER_ID":"243","CUSTOMER_ID":"95","ACCOUNTID":"9768832491","REFERENCE_NUMBER":"45","STATUS":"400","ERRMSG":"Data mismatch"}

REGISTER DATA RESPONSE : {"USER_ID":"243","CUSTOMER_ID":"95","ACCOUNTID":"9768832492","REFERENCE_NUMBER":"46","STATUS":"400","ERRMSG":"Data mismatch"}

REGISTER DATA RESPONSE : {"USER_ID":"243","CUSTOMER_ID":"95","ACCOUNTID":"9768832493","REFERENCE_NUMBER":"47","STATUS":"400","ERRMSG":"Data mismatch"}

REGISTER DATA RESPONSE : {"USER_ID":"243","CUSTOMER_ID":"95","ACCOUNTID":"9768832494","REFERENCE_NUMBER":"48","STATUS":"400","ERRMSG":"Data mismatch"}

REGISTER DATA RESPONSE : {"USER_ID":"243","CUSTOMER_ID":"95","ACCOUNTID":"9768832495","REFERENCE_NUMBER":"49","STATUS":"400","ERRMSG":"Data mismatch"}

REGISTER DATA RESPONSE : {"USER_ID":"243","CUSTOMER_ID":"95","ACCOUNTID":"9768832496","REFERENCE_NUMBER":"50","STATUS":"400","ERRMSG":"Data mismatch"}

================
REGISTER DATA RESPONSE : {"USER_ID":"243","CUSTOMER_ID":"95","ACCOUNTID":"9768832488","REFERENCE_NUMBER":"42","STATUS":"400","ERRMSG":"Data mismatch"}
[]

REGISTER DATA RESPONSE : {"USER_ID":"243","CUSTOMER_ID":"95","ACCOUNTID":"9768832488","REQUESTNUMBER":"42","STATUS":"400","ERRMSG":"Data mismatch"}
[{"PROVIDER_ID":"1"}]


====================
REGISTER DATA RESPONSE : {"USER_ID":"243","CUSTOMER_ID":"95","ACCOUNTID":"9768832488","REQUESTNUMBER":"42","STATUS":"400","ERRMSG":"Data mismatch"}


ADD BILLER API RESPONSE : {"STATUS":"200","MSG":"Data uploaded successfully"}


=======================




=======================



===============



===================

REGISTER DATA RESPONSE : {"USER_ID":"243","CUSTOMER_ID":"95","ACCOUNTID":"7845963210","REQUESTNUMBER":"51","STATUS":"400","ERRMSG":"Data mismatch"}

REGISTER DATA RESPONSE : {"USER_ID":"243","CUSTOMER_ID":"95","ACCOUNTID":"7845963211","REQUESTNUMBER":"52","STATUS":"400","ERRMSG":"Data mismatch"}

REGISTER DATA RESPONSE : {"USER_ID":"243","CUSTOMER_ID":"95","ACCOUNTID":"7845963212","REQUESTNUMBER":"53","STATUS":"400","ERRMSG":"Data mismatch"}

REGISTER DATA RESPONSE : {"USER_ID":"243","CUSTOMER_ID":"95","ACCOUNTID":"7845963210","REQUESTNUMBER":"51","STATUS":"400","ERRMSG":"Data mismatch"}

REGISTER DATA RESPONSE : {"USER_ID":"243","CUSTOMER_ID":"95","ACCOUNTID":"7845963211","REQUESTNUMBER":"52","STATUS":"400","ERRMSG":"Data mismatch"}

REGISTER DATA RESPONSE : {"USER_ID":"243","CUSTOMER_ID":"95","ACCOUNTID":"7845963212","REQUESTNUMBER":"53","STATUS":"400","ERRMSG":"Data mismatch"}

REGISTER DATA RESPONSE : {"USER_ID":"243","CUSTOMER_ID":"95","ACCOUNTID":"7845963210","REQUESTNUMBER":"51","STATUS":"400","ERRMSG":"Data mismatch"}

REGISTER DATA RESPONSE : {"USER_ID":"243","CUSTOMER_ID":"95","ACCOUNTID":"7845963211","REQUESTNUMBER":"52","STATUS":"400","ERRMSG":"Data mismatch"}

REGISTER DATA RESPONSE : {"USER_ID":"243","CUSTOMER_ID":"95","ACCOUNTID":"7845963212","REQUESTNUMBER":"53","STATUS":"400","ERRMSG":"Data mismatch"}

ADD BILLER API RESPONSE : {"STATUS":"200","MSG":"Data uploaded successfully"}

REGISTER DATA RESPONSE : {"USER_ID":"243","CUSTOMER_ID":"95","ACCOUNTID":"9768832578","REQUESTNUMBER":"54","STATUS":"400","ERRMSG":"Data mismatch"}

REGISTER DATA RESPONSE : {"USER_ID":"243","CUSTOMER_ID":"95","ACCOUNTID":"9768832579","REQUESTNUMBER":"55","STATUS":"400","ERRMSG":"Data mismatch"}

REGISTER DATA RESPONSE : {"USER_ID":"243","CUSTOMER_ID":"95","ACCOUNTID":"9768832580","REQUESTNUMBER":"56","STATUS":"400","ERRMSG":"Data mismatch"}

REGISTER DATA RESPONSE : {"USER_ID":"243","CUSTOMER_ID":"95","ACCOUNTID":"9768832581","REQUESTNUMBER":"57","STATUS":"400","ERRMSG":"Data mismatch"}

REGISTER DATA RESPONSE : {"USER_ID":"243","CUSTOMER_ID":"95","ACCOUNTID":"9768832582","REQUESTNUMBER":"58","STATUS":"400","ERRMSG":"Data mismatch"}

REGISTER DATA RESPONSE : {"USER_ID":"243","CUSTOMER_ID":"95","ACCOUNTID":"9768832583","REQUESTNUMBER":"59","STATUS":"400","ERRMSG":"Data mismatch"}

REGISTER DATA RESPONSE : {"USER_ID":"243","CUSTOMER_ID":"95","ACCOUNTID":"9768832584","REQUESTNUMBER":"60","STATUS":"400","ERRMSG":"Data mismatch"}

REGISTER DATA RESPONSE : {"USER_ID":"243","CUSTOMER_ID":"95","ACCOUNTID":"9768832585","REQUESTNUMBER":"61","STATUS":"400","ERRMSG":"Data mismatch"}

REGISTER DATA RESPONSE : {"USER_ID":"243","CUSTOMER_ID":"95","ACCOUNTID":"9768832586","REQUESTNUMBER":"62","STATUS":"400","ERRMSG":"Data mismatch"}

REGISTER DATA RESPONSE : {"USER_ID":"243","CUSTOMER_ID":"95","ACCOUNTID":"9768832578","REQUESTNUMBER":"54","STATUS":"400","ERRMSG":"Data mismatch"}

REGISTER DATA RESPONSE : {"USER_ID":"243","CUSTOMER_ID":"95","ACCOUNTID":"9768832579","REQUESTNUMBER":"55","STATUS":"400","ERRMSG":"Data mismatch"}

REGISTER DATA RESPONSE : {"USER_ID":"243","CUSTOMER_ID":"95","ACCOUNTID":"9768832580","REQUESTNUMBER":"56","STATUS":"400","ERRMSG":"Data mismatch"}

REGISTER DATA RESPONSE : {"USER_ID":"243","CUSTOMER_ID":"95","ACCOUNTID":"9768832581","REQUESTNUMBER":"57","STATUS":"400","ERRMSG":"Data mismatch"}

REGISTER DATA RESPONSE : {"USER_ID":"243","CUSTOMER_ID":"95","ACCOUNTID":"9768832582","REQUESTNUMBER":"58","STATUS":"400","ERRMSG":"Data mismatch"}

REGISTER DATA RESPONSE : {"USER_ID":"243","CUSTOMER_ID":"95","ACCOUNTID":"9768832583","REQUESTNUMBER":"59","STATUS":"400","ERRMSG":"Data mismatch"}

REGISTER DATA RESPONSE : {"USER_ID":"243","CUSTOMER_ID":"95","ACCOUNTID":"9768832584","REQUESTNUMBER":"60","STATUS":"400","ERRMSG":"Data mismatch"}

REGISTER DATA RESPONSE : {"USER_ID":"243","CUSTOMER_ID":"95","ACCOUNTID":"9768832585","REQUESTNUMBER":"61","STATUS":"400","ERRMSG":"Data mismatch"}

REGISTER DATA RESPONSE : {"USER_ID":"243","CUSTOMER_ID":"95","ACCOUNTID":"9768832586","REQUESTNUMBER":"62","STATUS":"400","ERRMSG":"Data mismatch"}

REGISTER DATA RESPONSE : {"USER_ID":"243","CUSTOMER_ID":"95","ACCOUNTID":"9768832578","REQUESTNUMBER":"54","STATUS":"400","ERRMSG":"Data mismatch"}

REGISTER DATA RESPONSE : {"USER_ID":"243","CUSTOMER_ID":"95","ACCOUNTID":"9768832579","REQUESTNUMBER":"55","STATUS":"400","ERRMSG":"Data mismatch"}

REGISTER DATA RESPONSE : {"USER_ID":"243","CUSTOMER_ID":"95","ACCOUNTID":"9768832580","REQUESTNUMBER":"56","STATUS":"400","ERRMSG":"Data mismatch"}

REGISTER DATA RESPONSE : {"USER_ID":"243","CUSTOMER_ID":"95","ACCOUNTID":"9768832581","REQUESTNUMBER":"57","STATUS":"400","ERRMSG":"Data mismatch"}

REGISTER DATA RESPONSE : {"USER_ID":"243","CUSTOMER_ID":"95","ACCOUNTID":"9768832582","REQUESTNUMBER":"58","STATUS":"400","ERRMSG":"Data mismatch"}

REGISTER DATA RESPONSE : {"USER_ID":"243","CUSTOMER_ID":"95","ACCOUNTID":"9768832583","REQUESTNUMBER":"59","STATUS":"400","ERRMSG":"Data mismatch"}

REGISTER DATA RESPONSE : {"USER_ID":"243","CUSTOMER_ID":"95","ACCOUNTID":"9768832584","REQUESTNUMBER":"60","STATUS":"400","ERRMSG":"Data mismatch"}

REGISTER DATA RESPONSE : {"USER_ID":"243","CUSTOMER_ID":"95","ACCOUNTID":"9768832585","REQUESTNUMBER":"61","STATUS":"400","ERRMSG":"Data mismatch"}

REGISTER DATA RESPONSE : {"USER_ID":"243","CUSTOMER_ID":"95","ACCOUNTID":"9768832586","REQUESTNUMBER":"62","STATUS":"400","ERRMSG":"Data mismatch"}

ADD BILLER API RESPONSE : {"STATUS":"200","MSG":"Data uploaded successfully"}

REGISTER DATA RESPONSE : {"USER_ID":"243","CUSTOMER_ID":"95","ACCOUNTID":"9874578496","REQUESTNUMBER":"63","STATUS":"400","ERRMSG":"Data mismatch"}

REGISTER DATA RESPONSE : {"USER_ID":"243","CUSTOMER_ID":"95","ACCOUNTID":"9874578496","REQUESTNUMBER":"63","STATUS":"400","ERRMSG":"Data mismatch"}

REGISTER DATA RESPONSE : {"USER_ID":"243","CUSTOMER_ID":"95","ACCOUNTID":"9874578496","REQUESTNUMBER":"63","STATUS":"400","ERRMSG":"Data mismatch"}

REGISTER DATA RESPONSE : {"USER_ID":"243","CUSTOMER_ID":"95","ACCOUNTID":"9874578496","REQUESTNUMBER":"63","STATUS":"400","ERRMSG":"Data mismatch"}

REGISTER DATA RESPONSE : {"USER_ID":"243","CUSTOMER_ID":"95","ACCOUNTID":"9874578496","REQUESTNUMBER":"63","STATUS":"400","ERRMSG":"Data mismatch"}

REGISTER DATA RESPONSE : {"USER_ID":"243","CUSTOMER_ID":"95","ACCOUNTID":"9874578496","REQUESTNUMBER":"63","STATUS":"400","ERRMSG":"Data mismatch"}

ADD BILLER API RESPONSE : {"STATUS":"200","MSG":"Data uploaded successfully"}
REGISTER DATA RESPONSE : {"USER_ID":"243","CUSTOMER_ID":"95","ACCOUNTID":"9874578496","REQUESTNUMBER":"63","STATUS":"400","ERRMSG":"Data mismatch"}

REGISTER DATA RESPONSE : {"USER_ID":"243","CUSTOMER_ID":"95","ACCOUNTID":"9874561470","REQUESTNUMBER":"64","STATUS":"400","ERRMSG":"Data mismatch"}

REGISTER DATA RESPONSE : {"USER_ID":"243","CUSTOMER_ID":"95","ACCOUNTID":"9874578496","REQUESTNUMBER":"63","STATUS":"400","ERRMSG":"Data mismatch"}

REGISTER DATA RESPONSE : {"USER_ID":"243","CUSTOMER_ID":"95","ACCOUNTID":"9874561470","REQUESTNUMBER":"64","STATUS":"400","ERRMSG":"Data mismatch"}

REGISTER DATA RESPONSE : {"USER_ID":"243","CUSTOMER_ID":"95","ACCOUNTID":"9874578496","REQUESTNUMBER":"63","STATUS":"400","ERRMSG":"Data mismatch"}

REGISTER DATA RESPONSE : {"USER_ID":"243","CUSTOMER_ID":"95","ACCOUNTID":"9874561470","REQUESTNUMBER":"64","STATUS":"400","ERRMSG":"Data mismatch"}
REGISTER DATA RESPONSE : {"USER_ID":"243","CUSTOMER_ID":"95","ACCOUNTID":"9874578496","REQUESTNUMBER":"63","STATUS":"400","ERRMSG":"Data mismatch"}
REGISTER DATA RESPONSE : {"USER_ID":"243","CUSTOMER_ID":"95","ACCOUNTID":"9874578496","REQUESTNUMBER":"63","STATUS":"400","ERRMSG":"Data mismatch"}
REGISTER DATA RESPONSE : {"USER_ID":"243","CUSTOMER_ID":"95","ACCOUNTID":"9874578496","REQUESTNUMBER":"63","STATUS":"400","ERRMSG":"Data mismatch"}
ADD BILLER API RESPONSE : {"STATUS":"200","MSG":"Data uploaded successfully"}
REGISTER DATA RESPONSE : {"USER_ID":"243","CUSTOMER_ID":"95","ACCOUNTID":"9874561547","REQUESTNUMBER":"65","STATUS":"400","ERRMSG":"Data mismatch"}
REGISTER DATA RESPONSE : {"USER_ID":"243","CUSTOMER_ID":"95","ACCOUNTID":"9874561547","REQUESTNUMBER":"65","STATUS":"400","ERRMSG":"Data mismatch"}
REGISTER DATA RESPONSE : {"USER_ID":"243","CUSTOMER_ID":"95","ACCOUNTID":"9874578496","REQUESTNUMBER":"63","STATUS":"400","ERRMSG":"Data mismatch"}
REGISTER DATA RESPONSE : {"USER_ID":"243","CUSTOMER_ID":"95","ACCOUNTID":"9874578496","REQUESTNUMBER":"63","STATUS":"400","ERRMSG":"Data mismatch"}
REGISTER DATA RESPONSE : {"USER_ID":"243","CUSTOMER_ID":"95","ACCOUNTID":"9874578496","REQUESTNUMBER":"63","STATUS":"400","ERRMSG":"Data mismatch"}
REGISTER DATA RESPONSE : {"USER_ID":"243","CUSTOMER_ID":"95","ACCOUNTID":"9874578496","REQUESTNUMBER":"63","STATUS":"400","ERRMSG":"Data mismatch"}
REGISTER DATA RESPONSE : {"USER_ID":"243","CUSTOMER_ID":"95","ACCOUNTID":"9874578496","REQUESTNUMBER":"63","STATUS":"400","ERRMSG":"Data mismatch"}
REGISTER DATA RESPONSE : {"USER_ID":"243","CUSTOMER_ID":"95","ACCOUNTID":"9874578496","REQUESTNUMBER":"63","STATUS":"400","ERRMSG":"Data mismatch"}
REGISTER DATA RESPONSE : {"USER_ID":"243","CUSTOMER_ID":"95","ACCOUNTID":"9874578496","REQUESTNUMBER":"63","STATUS":"400","ERRMSG":"Data mismatch"}
ADD BILLER API RESPONSE : {"STATUS":"200","MSG":"Data uploaded successfully"}
ADD BILLER API RESPONSE : {"STATUS":"400","MSG":"Account already register.[\"7845963210\",\"7845963211\",\"7845963212\"]"}
ADD BILLER API RESPONSE : {"STATUS":"200","MSG":"Data uploaded successfully"}
ADD BILLER API RESPONSE : {"STATUS":"400","MSG":"Account already register.[\"7845963210\",\"7845963211\",\"7845963212\"]"}


===================================
ADD BILLER API RESPONSE : {"STATUS":"200","MSG":"Data uploaded successfully"}
REGISTER DATA RESPONSE : {"USER_ID":"243","CUSTOMER_ID":"95","ACCOUNTID":"7845963540","REQUESTNUMBER":"74","STATUS":"400","ERRMSG":"Data mismatch"}
REGISTER DATA RESPONSE : {"USER_ID":"243","CUSTOMER_ID":"95","ACCOUNTID":"7845963541","REQUESTNUMBER":"75","STATUS":"400","ERRMSG":"Data mismatch"}
REGISTER DATA RESPONSE : {"USER_ID":"243","CUSTOMER_ID":"95","ACCOUNTID":"7845963542","REQUESTNUMBER":"76","STATUS":"400","ERRMSG":"Data mismatch"}
REGISTER DATA RESPONSE : {"REGISTERID":207,"BILLERACCOUNTID":"ARPBLSE0000141","ACCOUNTID":"7738897493","PROFILEID":"245","CUSTOMERID":"245","REQUESTNUMBER":"1","STATUS":"200","CHECKSUM":"c7c9b4ed042ce079e4c373396f27c707","PRIVATEKEY":"91e747ae8fd76152ddba23ae7547e614bdea61d6356a3db679380b1ec4a8b2da"}
REGISTER DATA RESPONSE : {"REGISTERID":208,"BILLERACCOUNTID":"ARPBLSE0000142","ACCOUNTID":"9696969623","PROFILEID":"245","CUSTOMERID":"245","REQUESTNUMBER":"2","STATUS":"200","CHECKSUM":"981704dc5491e1fa7842ddd068bf221d","PRIVATEKEY":"91e747ae8fd76152ddba23ae7547e614bdea61d6356a3db679380b1ec4a8b2da"}
REGISTER DATA RESPONSE : {"REGISTERID":210,"BILLERACCOUNTID":"ARPBLSE0000143","ACCOUNTID":"7738897491","PROFILEID":"245","CUSTOMERID":"245","REQUESTNUMBER":"1","STATUS":"200","CHECKSUM":"6a9f06169b1e37e4ed5971fac37640e8","PRIVATEKEY":"91e747ae8fd76152ddba23ae7547e614bdea61d6356a3db679380b1ec4a8b2da"}
REGISTER DATA RESPONSE : {"REGISTERID":211,"BILLERACCOUNTID":"ARPBLSE0000144","ACCOUNTID":"9696969621","PROFILEID":"245","CUSTOMERID":"245","REQUESTNUMBER":"2","STATUS":"200","CHECKSUM":"c73710288868a292dbb1c193faffd61d","PRIVATEKEY":"91e747ae8fd76152ddba23ae7547e614bdea61d6356a3db679380b1ec4a8b2da"}
REGISTER DATA RESPONSE : {"REGISTERID":212,"BILLERACCOUNTID":"ARPBLSE0000145","ACCOUNTID":"9874564857","PROFILEID":"243","CUSTOMERID":"1","REQUESTNUMBER":"60","STATUS":"200","CHECKSUM":"57f462651095d7f4526eab1080c39fe9","PRIVATEKEY":"2bc541008972c2e0b8206f0c25e0b1171adf745ca9bb2ec16bc19a5e6ce1f955"}
REGISTER DATA RESPONSE : {"REGISTERID":213,"BILLERACCOUNTID":"ARPBLSE0000146","ACCOUNTID":"7738894563","PROFILEID":"245","CUSTOMERID":"245","REQUESTNUMBER":"2","STATUS":"200","CHECKSUM":"dced20311afe29704cfd935f1aa3e829","PRIVATEKEY":"91e747ae8fd76152ddba23ae7547e614bdea61d6356a3db679380b1ec4a8b2da"}
REGISTER DATA RESPONSE : {"REGISTERID":214,"BILLERACCOUNTID":"ARPBLSE0000147","ACCOUNTID":"9696969693","PROFILEID":"245","CUSTOMERID":"245","REQUESTNUMBER":"2","STATUS":"200","CHECKSUM":"b6461db6bdc26b9a74ff89fac7cc0296","PRIVATEKEY":"91e747ae8fd76152ddba23ae7547e614bdea61d6356a3db679380b1ec4a8b2da"}
REGISTER DATA RESPONSE : {"REGISTERID":215,"BILLERACCOUNTID":"ARPBLSE0000148","ACCOUNTID":"7738894511","PROFILEID":"245","CUSTOMERID":"245","REQUESTNUMBER":"2","STATUS":"200","CHECKSUM":"5bef175eb5149b1010daeee1265d441d","PRIVATEKEY":"91e747ae8fd76152ddba23ae7547e614bdea61d6356a3db679380b1ec4a8b2da"}
REGISTER DATA RESPONSE : {"REGISTERID":216,"BILLERACCOUNTID":"ARPBLSE0000149","ACCOUNTID":"9696969612","PROFILEID":"245","CUSTOMERID":"245","REQUESTNUMBER":"2","STATUS":"200","CHECKSUM":"d99b1775270048143724e69645eb36ce","PRIVATEKEY":"91e747ae8fd76152ddba23ae7547e614bdea61d6356a3db679380b1ec4a8b2da"}
REGISTER DATA RESPONSE : {"REGISTERID":217,"BILLERACCOUNTID":"ARPBLSE0000150","ACCOUNTID":"9696969613","PROFILEID":"245","CUSTOMERID":"245","REQUESTNUMBER":"2","STATUS":"200","CHECKSUM":"c41d5da19386520cedc378bd1a3129c7","PRIVATEKEY":"91e747ae8fd76152ddba23ae7547e614bdea61d6356a3db679380b1ec4a8b2da"}
REGISTER DATA RESPONSE : {"REGISTERID":218,"BILLERACCOUNTID":"ARPBLSE0000151","ACCOUNTID":"9696969614","PROFILEID":"245","CUSTOMERID":"245","REQUESTNUMBER":"2","STATUS":"200","CHECKSUM":"cf8ab95b9f00cfe1d7faa84731e0d83b","PRIVATEKEY":"91e747ae8fd76152ddba23ae7547e614bdea61d6356a3db679380b1ec4a8b2da"}
REGISTER DATA RESPONSE : {"REGISTERID":219,"BILLERACCOUNTID":"ARPBLSE0000152","ACCOUNTID":"9696969616","PROFILEID":"245","CUSTOMERID":"245","REQUESTNUMBER":"2","STATUS":"200","CHECKSUM":"9e1d0d20a88df16dceccc8b1391d4933","PRIVATEKEY":"91e747ae8fd76152ddba23ae7547e614bdea61d6356a3db679380b1ec4a8b2da"}
REGISTER DATA RESPONSE : {"REGISTERID":220,"BILLERACCOUNTID":"ARPBLSE0000153","ACCOUNTID":"9696969617","PROFILEID":"245","CUSTOMERID":"245","REQUESTNUMBER":"2","STATUS":"200","CHECKSUM":"ca858811c0bd4282cc42f63df3048de1","PRIVATEKEY":"91e747ae8fd76152ddba23ae7547e614bdea61d6356a3db679380b1ec4a8b2da"}
REGISTER DATA RESPONSE : {"REGISTERID":221,"BILLERACCOUNTID":"ARPBLSE0000154","ACCOUNTID":"9696969618","PROFILEID":"245","CUSTOMERID":"245","REQUESTNUMBER":"2","STATUS":"200","CHECKSUM":"4dfec64b7b81daae63aeaa433d20d255","PRIVATEKEY":"91e747ae8fd76152ddba23ae7547e614bdea61d6356a3db679380b1ec4a8b2da"}
REGISTER DATA RESPONSE : {"REGISTERID":222,"BILLERACCOUNTID":"ARPBLSE0000155","ACCOUNTID":"9696969619","PROFILEID":"245","CUSTOMERID":"245","REQUESTNUMBER":"2","STATUS":"200","CHECKSUM":"2ec3599bacbef7ea2d14dc20616fc510","PRIVATEKEY":"91e747ae8fd76152ddba23ae7547e614bdea61d6356a3db679380b1ec4a8b2da"}
REGISTER DATA RESPONSE : {"REGISTERID":223,"BILLERACCOUNTID":"ARPBLSE0000156","ACCOUNTID":"9696969620","PROFILEID":"245","CUSTOMERID":"245","REQUESTNUMBER":"2","STATUS":"200","CHECKSUM":"442d13fb5496b45fa47881321cd02020","PRIVATEKEY":"91e747ae8fd76152ddba23ae7547e614bdea61d6356a3db679380b1ec4a8b2da"}
REGISTER DATA RESPONSE : {"REGISTERID":224,"BILLERACCOUNTID":"ARPBLSE0000157","ACCOUNTID":"9696969691","PROFILEID":"245","CUSTOMERID":"245","REQUESTNUMBER":"2","STATUS":"200","CHECKSUM":"3370056cd466fe2a9ff661bc556de9d5","PRIVATEKEY":"91e747ae8fd76152ddba23ae7547e614bdea61d6356a3db679380b1ec4a8b2da"}
REGISTER DATA RESPONSE : {"REGISTERID":225,"BILLERACCOUNTID":"ARPBLSE0000158","ACCOUNTID":"7738894571","PROFILEID":"245","CUSTOMERID":"245","REQUESTNUMBER":"2","STATUS":"200","CHECKSUM":"aa6ed153c096efb889bfb595cfcb1501","PRIVATEKEY":"91e747ae8fd76152ddba23ae7547e614bdea61d6356a3db679380b1ec4a8b2da"}
REGISTER DATA RESPONSE : {"REGISTERID":226,"BILLERACCOUNTID":"ARPBLSE0000159","ACCOUNTID":"9696969672","PROFILEID":"245","CUSTOMERID":"245","REQUESTNUMBER":"2","STATUS":"200","CHECKSUM":"984be1dc9a66a522ccb818d3846a32e4","PRIVATEKEY":"91e747ae8fd76152ddba23ae7547e614bdea61d6356a3db679380b1ec4a8b2da"}
REGISTER DATA RESPONSE : {"REGISTERID":227,"BILLERACCOUNTID":"ARPBLSE0000160","ACCOUNTID":"9696969673","PROFILEID":"245","CUSTOMERID":"245","REQUESTNUMBER":"2","STATUS":"200","CHECKSUM":"9a845246325b7cf381bc732a861f45f1","PRIVATEKEY":"91e747ae8fd76152ddba23ae7547e614bdea61d6356a3db679380b1ec4a8b2da"}
REGISTER DATA RESPONSE : {"REGISTERID":228,"BILLERACCOUNTID":"ARPBLSE0000161","ACCOUNTID":"9696969674","PROFILEID":"245","CUSTOMERID":"245","REQUESTNUMBER":"2","STATUS":"200","CHECKSUM":"abfbcd6764ff6899367e078eb760b47a","PRIVATEKEY":"91e747ae8fd76152ddba23ae7547e614bdea61d6356a3db679380b1ec4a8b2da"}
REGISTER DATA RESPONSE : {"REGISTERID":229,"BILLERACCOUNTID":"ARPBLSE0000162","ACCOUNTID":"9696969676","PROFILEID":"245","CUSTOMERID":"245","REQUESTNUMBER":"2","STATUS":"200","CHECKSUM":"43266f5265375b71d871da717fa57be7","PRIVATEKEY":"91e747ae8fd76152ddba23ae7547e614bdea61d6356a3db679380b1ec4a8b2da"}
REGISTER DATA RESPONSE : {"REGISTERID":230,"BILLERACCOUNTID":"ARPBLSE0000163","ACCOUNTID":"9696969677","PROFILEID":"245","CUSTOMERID":"245","REQUESTNUMBER":"2","STATUS":"200","CHECKSUM":"98a0c501e38b4a1b8214a5bd342c4e27","PRIVATEKEY":"91e747ae8fd76152ddba23ae7547e614bdea61d6356a3db679380b1ec4a8b2da"}
REGISTER DATA RESPONSE : {"REGISTERID":231,"BILLERACCOUNTID":"ARPBLSE0000164","ACCOUNTID":"9696969678","PROFILEID":"245","CUSTOMERID":"245","REQUESTNUMBER":"2","STATUS":"200","CHECKSUM":"eabd8345efc81d0bdca52a639b252fee","PRIVATEKEY":"91e747ae8fd76152ddba23ae7547e614bdea61d6356a3db679380b1ec4a8b2da"}
REGISTER DATA RESPONSE : {"REGISTERID":232,"BILLERACCOUNTID":"ARPBLSE0000165","ACCOUNTID":"9696969679","PROFILEID":"245","CUSTOMERID":"245","REQUESTNUMBER":"2","STATUS":"200","CHECKSUM":"b87c91d3242dc65c25bf68e7eb7c63ee","PRIVATEKEY":"91e747ae8fd76152ddba23ae7547e614bdea61d6356a3db679380b1ec4a8b2da"}
REGISTER DATA RESPONSE : {"REGISTERID":233,"BILLERACCOUNTID":"ARPBLSE0000166","ACCOUNTID":"9696969670","PROFILEID":"245","CUSTOMERID":"245","REQUESTNUMBER":"2","STATUS":"200","CHECKSUM":"06f74e0e0621a699d1ede855c800a68a","PRIVATEKEY":"91e747ae8fd76152ddba23ae7547e614bdea61d6356a3db679380b1ec4a8b2da"}
REGISTER DATA RESPONSE : {"REGISTERID":234,"BILLERACCOUNTID":"ARPBLSE0000167","ACCOUNTID":"9696969671","PROFILEID":"245","CUSTOMERID":"245","REQUESTNUMBER":"2","STATUS":"200","CHECKSUM":"12946494066ca9acdeea2efc3e606941","PRIVATEKEY":"91e747ae8fd76152ddba23ae7547e614bdea61d6356a3db679380b1ec4a8b2da"}
REGISTER DATA RESPONSE : {"REGISTERID":326,"BILLERACCOUNTID":"ARPBLSE0000168","ACCOUNTID":"9874561547","PROFILEID":"243","CUSTOMERID":"95","REQUESTNUMBER":"65","STATUS":"200","CHECKSUM":"4198d39956617535a1cae8ebf0f0638a","PRIVATEKEY":"2bc541008972c2e0b8206f0c25e0b1171adf745ca9bb2ec16bc19a5e6ce1f955"}
REGISTER DATA RESPONSE : {"REGISTERID":327,"BILLERACCOUNTID":"ARPBLSE0000168","ACCOUNTID":"9874561547","PROFILEID":"243","CUSTOMERID":"95","REQUESTNUMBER":"65","STATUS":"200","CHECKSUM":"af8d9691766e349b02e9bb9ea3537839","PRIVATEKEY":"2bc541008972c2e0b8206f0c25e0b1171adf745ca9bb2ec16bc19a5e6ce1f955"}
REGISTER DATA RESPONSE : {"REGISTERID":328,"BILLERACCOUNTID":"ARPBLSE0000168","ACCOUNTID":"9874561547","PROFILEID":"243","CUSTOMERID":"95","REQUESTNUMBER":"65","STATUS":"200","CHECKSUM":"64f04092822bf24a61813df25727ccf1","PRIVATEKEY":"2bc541008972c2e0b8206f0c25e0b1171adf745ca9bb2ec16bc19a5e6ce1f955"}
REGISTER DATA RESPONSE : {"REGISTERID":336,"BILLERACCOUNTID":"ARPBLSE0000169","ACCOUNTID":"9874567840","PROFILEID":"243","CUSTOMERID":"95","REQUESTNUMBER":"66","STATUS":"200","CHECKSUM":"45222f97e846933072d18b500504bac5","PRIVATEKEY":"2bc541008972c2e0b8206f0c25e0b1171adf745ca9bb2ec16bc19a5e6ce1f955"}
REGISTER DATA RESPONSE : {"REGISTERID":337,"BILLERACCOUNTID":"ARPBLSE0000170","ACCOUNTID":"9874567845","PROFILEID":"243","CUSTOMERID":"95","REQUESTNUMBER":"70","STATUS":"200","CHECKSUM":"59827db2f8ba1d3c3b3fa69e9c78b012","PRIVATEKEY":"2bc541008972c2e0b8206f0c25e0b1171adf745ca9bb2ec16bc19a5e6ce1f955"}
REGISTER DATA RESPONSE : {"REGISTERID":212,"BILLERACCOUNTID":"ARPBLSE0000145","ACCOUNTID":"9874564857","PROFILEID":"243","CUSTOMERID":"1","REQUESTNUMBER":"60","STATUS":"200","CHECKSUM":"57f462651095d7f4526eab1080c39fe9","PRIVATEKEY":"2bc541008972c2e0b8206f0c25e0b1171adf745ca9bb2ec16bc19a5e6ce1f955"}
ADD BILLER API RESPONSE : {"STATUS":"200","MSG":"Data uploaded successfully"}
ADD BILLER API RESPONSE : {"STATUS":"200","MSG":"Data uploaded successfully"}
ADD BILLER API RESPONSE : {"STATUS":"400","MSG":"Account already register.[\"9874564857\"]"}
ADD BILLER API RESPONSE : {"STATUS":"200","MSG":"Data uploaded successfully"}
ADD BILLER API RESPONSE : {"STATUS":"200","MSG":"Data uploaded successfully"}
ADD BILLER API RESPONSE : {"STATUS":"200","MSG":"Data uploaded successfully"}
REGISTER DATA RESPONSE : {"REGISTERID":207,"BILLERACCOUNTID":"ARPBLSE0000144","ACCOUNTID":"9696969621","PROFILEID":"245","CUSTOMERID":"245","REQUESTNUMBER":"1","STATUS":"200","CHECKSUM":"c7c9b4ed042ce079e4c373396f27c707","PRIVATEKEY":"91e747ae8fd76152ddba23ae7547e614bdea61d6356a3db679380b1ec4a8b2da"}
REGISTER DATA RESPONSE : {"REGISTERID":207,"BILLERACCOUNTID":"ARPBLSE0000144","ACCOUNTID":"9696969621","PROFILEID":"245","CUSTOMERID":"245","REQUESTNUMBER":"86","STATUS":"200","CHECKSUM":"c7c9b4ed042ce079e4c373396f27c707","PRIVATEKEY":"91e747ae8fd76152ddba23ae7547e614bdea61d6356a3db679380b1ec4a8b2da"}
REGISTER DATA RESPONSE : {"REGISTERID":207,"BILLERACCOUNTID":"ARPBLSE0000145","ACCOUNTID":"9874564857","PROFILEID":"245","CUSTOMERID":"245","REQUESTNUMBER":"87","STATUS":"200","CHECKSUM":"c7c9b4ed042ce079e4c373396f27c707","PRIVATEKEY":"91e747ae8fd76152ddba23ae7547e614bdea61d6356a3db679380b1ec4a8b2da"}
REGISTER DATA RESPONSE : {"REGISTERID":207,"BILLERACCOUNTID":"ARPBLSE0000146","ACCOUNTID":"7738894563","PROFILEID":"245","CUSTOMERID":"245","REQUESTNUMBER":"88","STATUS":"200","CHECKSUM":"c7c9b4ed042ce079e4c373396f27c707","PRIVATEKEY":"91e747ae8fd76152ddba23ae7547e614bdea61d6356a3db679380b1ec4a8b2da"}
REGISTER DATA RESPONSE : {"REGISTERID":207,"BILLERACCOUNTID":"ARPBLSE0000146","ACCOUNTID":"7738894563","PROFILEID":"245","CUSTOMERID":"245","REQUESTNUMBER":"88","STATUS":"200","CHECKSUM":"c7c9b4ed042ce079e4c373396f27c707","PRIVATEKEY":"91e747ae8fd76152ddba23ae7547e614bdea61d6356a3db679380b1ec4a8b2da"}
REGISTER DATA RESPONSE : {"REGISTERID":207,"BILLERACCOUNTID":"ARPBLSE0000147","ACCOUNTID":"9696969693","PROFILEID":"245","CUSTOMERID":"245","REQUESTNUMBER":"89","STATUS":"200","CHECKSUM":"c7c9b4ed042ce079e4c373396f27c707","PRIVATEKEY":"91e747ae8fd76152ddba23ae7547e614bdea61d6356a3db679380b1ec4a8b2da"}
REGISTER DATA RESPONSE : {"REGISTERID":207,"BILLERACCOUNTID":"ARPBLSE0000148","ACCOUNTID":"7738894511","PROFILEID":"245","CUSTOMERID":"245","REQUESTNUMBER":"90","STATUS":"200","CHECKSUM":"c7c9b4ed042ce079e4c373396f27c707","PRIVATEKEY":"91e747ae8fd76152ddba23ae7547e614bdea61d6356a3db679380b1ec4a8b2da"}



==============
ADD BILLER API RESPONSE : {"STATUS":"200","MSG":"Data uploaded successfully"}
REGISTER DATA RESPONSE : {"USER_ID":"243","CUSTOMER_ID":"95","ACCOUNTID":"9768833698","REQUESTNUMBER":"77","STATUS":"400","ERRMSG":"Data mismatch"}
REGISTER DATA RESPONSE : {"USER_ID":"243","CUSTOMER_ID":"95","ACCOUNTID":"9768833699","REQUESTNUMBER":"78","STATUS":"400","ERRMSG":"Data mismatch"}
REGISTER DATA RESPONSE : {"USER_ID":"243","CUSTOMER_ID":"95","ACCOUNTID":"9768833700","REQUESTNUMBER":"79","STATUS":"400","ERRMSG":"Data mismatch"}
REGISTER DATA RESPONSE : {"USER_ID":"243","CUSTOMER_ID":"95","ACCOUNTID":"9768833701","REQUESTNUMBER":"80","STATUS":"400","ERRMSG":"Data mismatch"}
REGISTER DATA RESPONSE : {"USER_ID":"243","CUSTOMER_ID":"95","ACCOUNTID":"9768833702","REQUESTNUMBER":"81","STATUS":"400","ERRMSG":"Data mismatch"}
REGISTER DATA RESPONSE : {"USER_ID":"243","CUSTOMER_ID":"95","ACCOUNTID":"9768833703","REQUESTNUMBER":"82","STATUS":"400","ERRMSG":"Data mismatch"}
REGISTER DATA RESPONSE : {"USER_ID":"243","CUSTOMER_ID":"95","ACCOUNTID":"9768833704","REQUESTNUMBER":"83","STATUS":"400","ERRMSG":"Data mismatch"}
REGISTER DATA RESPONSE : {"USER_ID":"243","CUSTOMER_ID":"95","ACCOUNTID":"9768833705","REQUESTNUMBER":"84","STATUS":"400","ERRMSG":"Data mismatch"}
REGISTER DATA RESPONSE : {"USER_ID":"243","CUSTOMER_ID":"95","ACCOUNTID":"9768833706","REQUESTNUMBER":"85","STATUS":"400","ERRMSG":"Data mismatch"}
REGISTER DATA RESPONSE : {"USER_ID":"243","CUSTOMER_ID":"95","ACCOUNTID":"9768833125","REQUESTNUMBER":"91","STATUS":"400","ERRMSG":"Data mismatch"}
REGISTER DATA RESPONSE : {"USER_ID":"243","CUSTOMER_ID":"95","ACCOUNTID":"9768833126","REQUESTNUMBER":"92","STATUS":"400","ERRMSG":"Data mismatch"}
REGISTER DATA RESPONSE : {"USER_ID":"243","CUSTOMER_ID":"95","ACCOUNTID":"9768833127","REQUESTNUMBER":"93","STATUS":"400","ERRMSG":"Data mismatch"}
REGISTER DATA RESPONSE : {"USER_ID":"243","CUSTOMER_ID":"95","ACCOUNTID":"9768833128","REQUESTNUMBER":"94","STATUS":"400","ERRMSG":"Data mismatch"}
REGISTER DATA RESPONSE : {"USER_ID":"243","CUSTOMER_ID":"95","ACCOUNTID":"9768833129","REQUESTNUMBER":"95","STATUS":"400","ERRMSG":"Data mismatch"}
REGISTER DATA RESPONSE : {"USER_ID":"243","CUSTOMER_ID":"95","ACCOUNTID":"9768833130","REQUESTNUMBER":"96","STATUS":"400","ERRMSG":"Data mismatch"}
REGISTER DATA RESPONSE : {"USER_ID":"243","CUSTOMER_ID":"95","ACCOUNTID":"9768833131","REQUESTNUMBER":"97","STATUS":"400","ERRMSG":"Data mismatch"}
REGISTER DATA RESPONSE : {"USER_ID":"243","CUSTOMER_ID":"95","ACCOUNTID":"9768833132","REQUESTNUMBER":"98","STATUS":"400","ERRMSG":"Data mismatch"}
REGISTER DATA RESPONSE : {"USER_ID":"243","CUSTOMER_ID":"95","ACCOUNTID":"9768833133","REQUESTNUMBER":"99","STATUS":"400","ERRMSG":"Data mismatch"}
ADD BILLER API RESPONSE : {"STATUS":"200","MSG":"Data uploaded successfully"}
REGISTER DATA RESPONSE : {"USER_ID":"243","CUSTOMER_ID":"95","ACCOUNTID":"9768833740","REQUESTNUMBER":"100","STATUS":"400","ERRMSG":"Data mismatch"}
REGISTER DATA RESPONSE : {"USER_ID":"243","CUSTOMER_ID":"95","ACCOUNTID":"9768833741","REQUESTNUMBER":"101","STATUS":"400","ERRMSG":"Data mismatch"}
REGISTER DATA RESPONSE : {"USER_ID":"243","CUSTOMER_ID":"95","ACCOUNTID":"9768833742","REQUESTNUMBER":"102","STATUS":"400","ERRMSG":"Data mismatch"}
REGISTER DATA RESPONSE : {"USER_ID":"243","CUSTOMER_ID":"95","ACCOUNTID":"9768833743","REQUESTNUMBER":"103","STATUS":"400","ERRMSG":"Data mismatch"}
REGISTER DATA RESPONSE : {"USER_ID":"243","CUSTOMER_ID":"95","ACCOUNTID":"9768833744","REQUESTNUMBER":"104","STATUS":"400","ERRMSG":"Data mismatch"}
REGISTER DATA RESPONSE : {"USER_ID":"243","CUSTOMER_ID":"95","ACCOUNTID":"9768833745","REQUESTNUMBER":"105","STATUS":"400","ERRMSG":"Data mismatch"}
REGISTER DATA RESPONSE : {"USER_ID":"243","CUSTOMER_ID":"95","ACCOUNTID":"9768833746","REQUESTNUMBER":"106","STATUS":"400","ERRMSG":"Data mismatch"}
REGISTER DATA RESPONSE : {"USER_ID":"243","CUSTOMER_ID":"95","ACCOUNTID":"9768833747","REQUESTNUMBER":"107","STATUS":"400","ERRMSG":"Data mismatch"}
REGISTER DATA RESPONSE : {"USER_ID":"243","CUSTOMER_ID":"95","ACCOUNTID":"9768833748","REQUESTNUMBER":"108","STATUS":"400","ERRMSG":"Data mismatch"}
ADD BILLER API RESPONSE : {"STATUS":"200","MSG":"Data uploaded successfully"}
ADD BILLER API RESPONSE : {"STATUS":"400","MSG":"Invalid private key"}
ADD BILLER API RESPONSE : {"STATUS":"400","MSG":"Invalid private key"}
ADD BILLER API RESPONSE : {"STATUS":"400","MSG":"Invalid private key"}
91e747ae8fd76152ddba23ae7547e614bdea61d6356a3db679380b1ec4a8b2da
ADD BILLER API RESPONSE : {"STATUS":"400","MSG":"Invalid private key"}
6eab59eac31ea1d57a5363744fbed5baab16545430c0116df5700e22122f576c
ADD BILLER API RESPONSE : {"STATUS":"200","MSG":"Data uploaded successfully"}
6eab59eac31ea1d57a5363744fbed5baab16545430c0116df5700e22122f576c
ADD BILLER API RESPONSE : {"STATUS":"200","MSG":"Data uploaded successfully"}
