ADD BILLER API RESPONSE : {"STATUS":"400","MSG":"Account already register.[\"7738894612\",\"7738894612\"]"}
ADD BILLER API RESPONSE : {"STATUS":"400","MSG":"Account already register.[\"7738894612\",\"7738894612\"]"}
ADD BILLER API RESPONSE : {"STATUS":"400","MSG":"Account already register.[\"7738894612\",\"7738894612\"]"}
ADD BILLER API RESPONSE : {"STATUS":"400","MSG":"Account already register.[\"7738894612\",\"7738894612\"]"}
ADD BILLER API RESPONSE : {"STATUS":"400","MSG":"Account already register.[\"7738894612\",\"7738894612\"]"}
ADD BILLER API RESPONSE : {"STATUS":"400","MSG":"Account already register.[\"7738894612\",\"7738894612\"]"}
ADD BILLER API RESPONSE : {"STATUS":"400","MSG":"Account already register.[\"7738894612\",\"7738894612\"]"}


===========

ADD BILLER API RESPONSE : {"STATUS":"400","MSG":"Data upload error."}
ADD BILLER API RESPONSE : {"STATUS":"200","MSG":"Data uploaded successfully"}
ADD BILLER API RESPONSE : {"STATUS":"200","MSG":"Data uploaded successfully"}
ADD BILLER API RESPONSE : {"STATUS":"400","MSG":"Data upload error."}
REGISTER DATA RESPONSE : {"USER_ID":"245","CUSTOMER_ID":"1","ACCOUNTID":"9874565789","REQUESTNUMBER":null,"STATUS":"400","ERRMSG":"Data mismatch"}
REGISTER DATA RESPONSE : {"USER_ID":"245","CUSTOMER_ID":"1","ACCOUNTID":"9874565789","REQUESTNUMBER":null,"STATUS":"400","ERRMSG":"Data mismatch"}
ADD BILLER API RESPONSE : {"STATUS":"200","MSG":"Data uploaded successfully"}
ADD BILLER API RESPONSE : {"STATUS":"400","MSG":"Data upload error."}
ADD BILLER API RESPONSE : {"STATUS":"400","MSG":"Data upload error."}
REGISTER DATA RESPONSE : {"USER_ID":"245","CUSTOMER_ID":"1","ACCOUNTID":"8080324126","REQUESTNUMBER":"238","STATUS":"400","ERRMSG":"Data mismatch"}
REGISTER DATA RESPONSE : {"USER_ID":"245","CUSTOMER_ID":"1","ACCOUNTID":"8080324126","REQUESTNUMBER":"238","STATUS":"400","ERRMSG":"Data mismatch"}
REGISTER DATA RESPONSE : {"USER_ID":"245","CUSTOMER_ID":"1","ACCOUNTID":"8080324126","REQUESTNUMBER":"238","STATUS":"400","ERRMSG":"Data mismatch"}
REGISTER DATA RESPONSE : {"USER_ID":"245","CUSTOMER_ID":"1","ACCOUNTID":"8080324127","REQUESTNUMBER":"239","STATUS":"400","ERRMSG":"Data mismatch"}
REGISTER DATA RESPONSE : {"USER_ID":"245","CUSTOMER_ID":"1","ACCOUNTID":"8080324127","REQUESTNUMBER":"239","STATUS":"400","ERRMSG":"Data mismatch"}
REGISTER DATA RESPONSE : {"USER_ID":"245","CUSTOMER_ID":"1","ACCOUNTID":"8080324127","REQUESTNUMBER":"239","STATUS":"400","ERRMSG":"Data mismatch"}
REGISTER DATA RESPONSE : {"USER_ID":"245","CUSTOMER_ID":"1","ACCOUNTID":"8080324128","REQUESTNUMBER":"240","STATUS":"400","ERRMSG":"Data mismatch"}
REGISTER DATA RESPONSE : {"USER_ID":"245","CUSTOMER_ID":"1","ACCOUNTID":"8080324128","REQUESTNUMBER":"240","STATUS":"400","ERRMSG":"Data mismatch"}
REGISTER DATA RESPONSE : {"USER_ID":"245","CUSTOMER_ID":"1","ACCOUNTID":"8080324128","REQUESTNUMBER":"240","STATUS":"400","ERRMSG":"Data mismatch"}
REGISTER DATA RESPONSE : {"USER_ID":"245","CUSTOMER_ID":"1","ACCOUNTID":"8080324129","REQUESTNUMBER":"241","STATUS":"400","ERRMSG":"Data mismatch"}
REGISTER DATA RESPONSE : {"USER_ID":"245","CUSTOMER_ID":"1","ACCOUNTID":"8080324129","REQUESTNUMBER":"241","STATUS":"400","ERRMSG":"Data mismatch"}
REGISTER DATA RESPONSE : {"USER_ID":"245","CUSTOMER_ID":"1","ACCOUNTID":"8080324129","REQUESTNUMBER":"241","STATUS":"400","ERRMSG":"Data mismatch"}
REGISTER DATA RESPONSE : {"USER_ID":"245","CUSTOMER_ID":"1","ACCOUNTID":"8080324130","REQUESTNUMBER":"242","STATUS":"400","ERRMSG":"Data mismatch"}
REGISTER DATA RESPONSE : {"USER_ID":"245","CUSTOMER_ID":"1","ACCOUNTID":"8080324130","REQUESTNUMBER":"242","STATUS":"400","ERRMSG":"Data mismatch"}
REGISTER DATA RESPONSE : {"USER_ID":"245","CUSTOMER_ID":"1","ACCOUNTID":"8080324130","REQUESTNUMBER":"242","STATUS":"400","ERRMSG":"Data mismatch"}
REGISTER DATA RESPONSE : {"USER_ID":"245","CUSTOMER_ID":"1","ACCOUNTID":"8080324131","REQUESTNUMBER":"243","STATUS":"400","ERRMSG":"Data mismatch"}
REGISTER DATA RESPONSE : {"USER_ID":"245","CUSTOMER_ID":"1","ACCOUNTID":"8080324131","REQUESTNUMBER":"243","STATUS":"400","ERRMSG":"Data mismatch"}
REGISTER DATA RESPONSE : {"USER_ID":"245","CUSTOMER_ID":"1","ACCOUNTID":"8080324131","REQUESTNUMBER":"243","STATUS":"400","ERRMSG":"Data mismatch"}
REGISTER DATA RESPONSE : {"USER_ID":"245","CUSTOMER_ID":"1","ACCOUNTID":"8080324132","REQUESTNUMBER":"244","STATUS":"400","ERRMSG":"Data mismatch"}
REGISTER DATA RESPONSE : {"USER_ID":"245","CUSTOMER_ID":"1","ACCOUNTID":"8080324132","REQUESTNUMBER":"244","STATUS":"400","ERRMSG":"Data mismatch"}
REGISTER DATA RESPONSE : {"USER_ID":"245","CUSTOMER_ID":"1","ACCOUNTID":"8080324132","REQUESTNUMBER":"244","STATUS":"400","ERRMSG":"Data mismatch"}
REGISTER DATA RESPONSE : {"USER_ID":"245","CUSTOMER_ID":"1","ACCOUNTID":"8080324133","REQUESTNUMBER":"245","STATUS":"400","ERRMSG":"Data mismatch"}
REGISTER DATA RESPONSE : {"USER_ID":"245","CUSTOMER_ID":"1","ACCOUNTID":"8080324133","REQUESTNUMBER":"245","STATUS":"400","ERRMSG":"Data mismatch"}
REGISTER DATA RESPONSE : {"USER_ID":"245","CUSTOMER_ID":"1","ACCOUNTID":"8080324133","REQUESTNUMBER":"245","STATUS":"400","ERRMSG":"Data mismatch"}
ADD BILLER API RESPONSE : {"STATUS":"200","MSG":"Data uploaded successfully"}
